<?xml version="1.0" encoding="UTF-8"?>
<!-- Generated by org.testng.reporters.JUnitReportReporter -->
<testsuite hostname="Kalyani" failures="0" tests="1" name="practise.Parameters" time="11.291" errors="0" timestamp="2023-03-03T18:11:16 IST" skipped="0">
  <testcase classname="practise.Parameters" name="method" time="11.291"/>
  <system-out/>
</testsuite> <!-- practise.Parameters -->
